# JRE version: OpenJDK Runtime Environment (15.0.2+7) (build 15.0.2+7-27)
# Java VM: OpenJDK 64-Bit Server VM (15.0.2+7-27, mixed mode, tiered, compressed oops, g1 gc, windows-amd64)
GC Precious Log:
 CPUs: 12 total, 12 available
 Memory: 32550M
 Large Page Support: Disabled
 NUMA Support: Disabled
 Compressed Oops: Enabled (Zero based)
 Heap Region Size: 4M
 Heap Min Capacity: 8M
 Heap Initial Capacity: 512M
 Heap Max Capacity: 8140M
 Pre-touch: Disabled
 Parallel Workers: 10
 Concurrent Workers: 3
 Concurrent Refinement Workers: 10
 Periodic GC: Disabled
Heap:
 garbage-first heap   total 61440K, used 27644K [0x0000000603400000, 0x0000000800000000)
  region size 4096K, 2 young (8192K), 1 survivors (4096K)
 Metaspace       used 67018K, capacity 67683K, committed 67760K, reserved 1107968K
  class space    used 8738K, capacity 8944K, committed 8960K, reserved 1048576K
GC Heap History (20 events):
Event: 1199.204 GC heap before
{Heap before GC invocations=32 (full 0):
 garbage-first heap   total 61440K, used 44312K [0x0000000603400000, 0x0000000800000000)
  region size 4096K, 5 young (20480K), 1 survivors (4096K)
 Metaspace       used 67005K, capacity 67607K, committed 67760K, reserved 1107968K
  class space    used 8735K, capacity 8940K, committed 8960K, reserved 1048576K
}
Event: 1199.207 GC heap after
{Heap after GC invocations=33 (full 0):
 garbage-first heap   total 61440K, used 28036K [0x0000000603400000, 0x0000000800000000)
  region size 4096K, 1 young (4096K), 1 survivors (4096K)
 Metaspace       used 67005K, capacity 67607K, committed 67760K, reserved 1107968K
  class space    used 8735K, capacity 8940K, committed 8960K, reserved 1048576K
}
Event: 1431.565 GC heap before
{Heap before GC invocations=34 (full 0):
 garbage-first heap   total 61440K, used 44420K [0x0000000603400000, 0x0000000800000000)
  region size 4096K, 5 young (20480K), 1 survivors (4096K)
 Metaspace       used 67007K, capacity 67610K, committed 67760K, reserved 1107968K
  class space    used 8736K, capacity 8941K, committed 8960K, reserved 1048576K
}
Event: 1431.567 GC heap after
{Heap after GC invocations=35 (full 0):
 garbage-first heap   total 61440K, used 28047K [0x0000000603400000, 0x0000000800000000)
  region size 4096K, 1 young (4096K), 1 survivors (4096K)
 Metaspace       used 67007K, capacity 67610K, committed 67760K, reserved 1107968K
  class space    used 8736K, capacity 8941K, committed 8960K, reserved 1048576K
}
Event: 1703.091 GC heap before
{Heap before GC invocations=35 (full 0):
 garbage-first heap   total 61440K, used 44431K [0x0000000603400000, 0x0000000800000000)
  region size 4096K, 5 young (20480K), 1 survivors (4096K)
 Metaspace       used 67007K, capacity 67610K, committed 67760K, reserved 1107968K
  class space    used 8736K, capacity 8941K, committed 8960K, reserved 1048576K
}
Event: 1703.094 GC heap after
{Heap after GC invocations=36 (full 0):
 garbage-first heap   total 61440K, used 28040K [0x0000000603400000, 0x0000000800000000)
  region size 4096K, 1 young (4096K), 1 survivors (4096K)
 Metaspace       used 67007K, capacity 67610K, committed 67760K, reserved 1107968K
  class space    used 8736K, capacity 8941K, committed 8960K, reserved 1048576K
}
Event: 1952.723 GC heap before
{Heap before GC invocations=37 (full 0):
 garbage-first heap   total 61440K, used 44424K [0x0000000603400000, 0x0000000800000000)
  region size 4096K, 5 young (20480K), 1 survivors (4096K)
 Metaspace       used 67018K, capacity 67683K, committed 67760K, reserved 1107968K
  class space    used 8738K, capacity 8944K, committed 8960K, reserved 1048576K
}
Event: 1952.725 GC heap after
{Heap after GC invocations=38 (full 0):
 garbage-first heap   total 61440K, used 28520K [0x0000000603400000, 0x0000000800000000)
  region size 4096K, 1 young (4096K), 1 survivors (4096K)
 Metaspace       used 67018K, capacity 67683K, committed 67760K, reserved 1107968K
  class space    used 8738K, capacity 8944K, committed 8960K, reserved 1048576K
}
Event: 2227.717 GC heap before
{Heap before GC invocations=38 (full 0):
 garbage-first heap   total 61440K, used 44904K [0x0000000603400000, 0x0000000800000000)
  region size 4096K, 5 young (20480K), 1 survivors (4096K)
 Metaspace       used 67018K, capacity 67683K, committed 67760K, reserved 1107968K
  class space    used 8738K, capacity 8944K, committed 8960K, reserved 1048576K
}
Event: 2227.720 GC heap after
{Heap after GC invocations=39 (full 0):
 garbage-first heap   total 61440K, used 28615K [0x0000000603400000, 0x0000000800000000)
  region size 4096K, 1 young (4096K), 1 survivors (4096K)
 Metaspace       used 67018K, capacity 67683K, committed 67760K, reserved 1107968K
  class space    used 8738K, capacity 8944K, committed 8960K, reserved 1048576K
}
Event: 2503.205 GC heap before
{Heap before GC invocations=40 (full 0):
 garbage-first heap   total 61440K, used 44999K [0x0000000603400000, 0x0000000800000000)
  region size 4096K, 5 young (20480K), 1 survivors (4096K)
 Metaspace       used 67018K, capacity 67683K, committed 67760K, reserved 1107968K
  class space    used 8738K, capacity 8944K, committed 8960K, reserved 1048576K
}
Event: 2503.207 GC heap after
{Heap after GC invocations=41 (full 0):
 garbage-first heap   total 61440K, used 28530K [0x0000000603400000, 0x0000000800000000)
  region size 4096K, 1 young (4096K), 1 survivors (4096K)
 Metaspace       used 67018K, capacity 67683K, committed 67760K, reserved 1107968K
  class space    used 8738K, capacity 8944K, committed 8960K, reserved 1048576K
}
Event: 2778.942 GC heap before
{Heap before GC invocations=41 (full 0):
 garbage-first heap   total 61440K, used 44914K [0x0000000603400000, 0x0000000800000000)
  region size 4096K, 5 young (20480K), 1 survivors (4096K)
 Metaspace       used 67018K, capacity 67683K, committed 67760K, reserved 1107968K
  class space    used 8738K, capacity 8944K, committed 8960K, reserved 1048576K
}
Event: 2778.944 GC heap after
{Heap after GC invocations=42 (full 0):
 garbage-first heap   total 61440K, used 28570K [0x0000000603400000, 0x0000000800000000)
  region size 4096K, 1 young (4096K), 1 survivors (4096K)
 Metaspace       used 67018K, capacity 67683K, committed 67760K, reserved 1107968K
  class space    used 8738K, capacity 8944K, committed 8960K, reserved 1048576K
}
Event: 3054.174 GC heap before
{Heap before GC invocations=43 (full 0):
 garbage-first heap   total 61440K, used 44954K [0x0000000603400000, 0x0000000800000000)
  region size 4096K, 5 young (20480K), 1 survivors (4096K)
 Metaspace       used 67018K, capacity 67683K, committed 67760K, reserved 1107968K
  class space    used 8738K, capacity 8944K, committed 8960K, reserved 1048576K
}
Event: 3054.176 GC heap after
{Heap after GC invocations=44 (full 0):
 garbage-first heap   total 61440K, used 28586K [0x0000000603400000, 0x0000000800000000)
  region size 4096K, 1 young (4096K), 1 survivors (4096K)
 Metaspace       used 67018K, capacity 67683K, committed 67760K, reserved 1107968K
  class space    used 8738K, capacity 8944K, committed 8960K, reserved 1048576K
}
Event: 3122.760 GC heap before
{Heap before GC invocations=44 (full 0):
 garbage-first heap   total 61440K, used 32682K [0x0000000603400000, 0x0000000800000000)
  region size 4096K, 2 young (8192K), 1 survivors (4096K)
 Metaspace       used 67018K, capacity 67683K, committed 67760K, reserved 1107968K
  class space    used 8738K, capacity 8944K, committed 8960K, reserved 1048576K
}
Event: 3122.774 GC heap after
{Heap after GC invocations=45 (full 0):
 garbage-first heap   total 61440K, used 27698K [0x0000000603400000, 0x0000000800000000)
  region size 4096K, 1 young (4096K), 1 survivors (4096K)
 Metaspace       used 67018K, capacity 67683K, committed 67760K, reserved 1107968K
  class space    used 8738K, capacity 8944K, committed 8960K, reserved 1048576K
}
Event: 3397.017 GC heap before
{Heap before GC invocations=45 (full 0):
 garbage-first heap   total 61440K, used 44082K [0x0000000603400000, 0x0000000800000000)
  region size 4096K, 5 young (20480K), 1 survivors (4096K)
 Metaspace       used 67018K, capacity 67683K, committed 67760K, reserved 1107968K
  class space    used 8738K, capacity 8944K, committed 8960K, reserved 1048576K
}
Event: 3397.019 GC heap after
{Heap after GC invocations=46 (full 0):
 garbage-first heap   total 61440K, used 27644K [0x0000000603400000, 0x0000000800000000)
  region size 4096K, 1 young (4096K), 1 survivors (4096K)
 Metaspace       used 67018K, capacity 67683K, committed 67760K, reserved 1107968K
  class space    used 8738K, capacity 8944K, committed 8960K, reserved 1048576K
}

